This is pdfTeX, Version 3.141592653-2.6-1.40.26 (TeX Live 2024) (preloaded format=pdflatex 2025.1.17)  5 MAY 2026 14:08
entering extended mode
 restricted \write18 enabled.
 %&-line parsing enabled.
**final_report.tex
(./final_report.tex
LaTeX2e <2023-11-01> patch level 1
L3 programming layer <2024-02-20>
(/usr/local/texlive/2024/texmf-dist/tex/latex/base/article.cls
Document Class: article 2023/05/17 v1.4n Standard LaTeX document class
(/usr/local/texlive/2024/texmf-dist/tex/latex/base/size10.clo
File: size10.clo 2023/05/17 v1.4n Standard LaTeX file (size option)
)
\c@part=\count188
\c@section=\count189
\c@subsection=\count190
\c@subsubsection=\count191
\c@paragraph=\count192
\c@subparagraph=\count193
\c@figure=\count194
\c@table=\count195
\abovecaptionskip=\skip48
\belowcaptionskip=\skip49
\bibindent=\dimen140
)
(/usr/local/texlive/2024/texmf-dist/tex/latex/geometry/geometry.sty
Package: geometry 2020/01/02 v5.9 Page Geometry

(/usr/local/texlive/2024/texmf-dist/tex/latex/graphics/keyval.sty
Package: keyval 2022/05/29 v1.15 key=value parser (DPC)
\KV@toks@=\toks17
)
(/usr/local/texlive/2024/texmf-dist/tex/generic/iftex/ifvtex.sty
Package: ifvtex 2019/10/25 v1.7 ifvtex legacy package. Use iftex instead.

(/usr/local/texlive/2024/texmf-dist/tex/generic/iftex/iftex.sty
Package: iftex 2022/02/03 v1.0f TeX engine tests
))
\Gm@cnth=\count196
\Gm@cntv=\count197
\c@Gm@tempcnt=\count198
\Gm@bindingoffset=\dimen141
\Gm@wd@mp=\dimen142
\Gm@odd@mp=\dimen143
\Gm@even@mp=\dimen144
\Gm@layoutwidth=\dimen145
\Gm@layoutheight=\dimen146
\Gm@layouthoffset=\dimen147
\Gm@layoutvoffset=\dimen148
\Gm@dimlist=\toks18
)
(/usr/local/texlive/2024/texmf-dist/tex/latex/amsmath/amsmath.sty
Package: amsmath 2023/05/13 v2.17o AMS math features
\@mathmargin=\skip50

For additional information on amsmath, use the `?' option.
(/usr/local/texlive/2024/texmf-dist/tex/latex/amsmath/amstext.sty
Package: amstext 2021/08/26 v2.01 AMS text

(/usr/local/texlive/2024/texmf-dist/tex/latex/amsmath/amsgen.sty
File: amsgen.sty 1999/11/30 v2.0 generic functions
\@emptytoks=\toks19
\ex@=\dimen149
))
(/usr/local/texlive/2024/texmf-dist/tex/latex/amsmath/amsbsy.sty
Package: amsbsy 1999/11/29 v1.2d Bold Symbols
\pmbraise@=\dimen150
)
(/usr/local/texlive/2024/texmf-dist/tex/latex/amsmath/amsopn.sty
Package: amsopn 2022/04/08 v2.04 operator names
)
\inf@bad=\count199
LaTeX Info: Redefining \frac on input line 234.
\uproot@=\count266
\leftroot@=\count267
LaTeX Info: Redefining \overline on input line 399.
LaTeX Info: Redefining \colon on input line 410.
\classnum@=\count268
\DOTSCASE@=\count269
LaTeX Info: Redefining \ldots on input line 496.
LaTeX Info: Redefining \dots on input line 499.
LaTeX Info: Redefining \cdots on input line 620.
\Mathstrutbox@=\box51
\strutbox@=\box52
LaTeX Info: Redefining \big on input line 722.
LaTeX Info: Redefining \Big on input line 723.
LaTeX Info: Redefining \bigg on input line 724.
LaTeX Info: Redefining \Bigg on input line 725.
\big@size=\dimen151
LaTeX Font Info:    Redeclaring font encoding OML on input line 743.
LaTeX Font Info:    Redeclaring font encoding OMS on input line 744.
\macc@depth=\count270
LaTeX Info: Redefining \bmod on input line 905.
LaTeX Info: Redefining \pmod on input line 910.
LaTeX Info: Redefining \smash on input line 940.
LaTeX Info: Redefining \relbar on input line 970.
LaTeX Info: Redefining \Relbar on input line 971.
\c@MaxMatrixCols=\count271
\dotsspace@=\muskip16
\c@parentequation=\count272
\dspbrk@lvl=\count273
\tag@help=\toks20
\row@=\count274
\column@=\count275
\maxfields@=\count276
\andhelp@=\toks21
\eqnshift@=\dimen152
\alignsep@=\dimen153
\tagshift@=\dimen154
\tagwidth@=\dimen155
\totwidth@=\dimen156
\lineht@=\dimen157
\@envbody=\toks22
\multlinegap=\skip51
\multlinetaggap=\skip52
\mathdisplay@stack=\toks23
LaTeX Info: Redefining \[ on input line 2953.
LaTeX Info: Redefining \] on input line 2954.
)
(/usr/local/texlive/2024/texmf-dist/tex/latex/amsfonts/amssymb.sty
Package: amssymb 2013/01/14 v3.01 AMS font symbols

(/usr/local/texlive/2024/texmf-dist/tex/latex/amsfonts/amsfonts.sty
Package: amsfonts 2013/01/14 v3.01 Basic AMSFonts support
\symAMSa=\mathgroup4
\symAMSb=\mathgroup5
LaTeX Font Info:    Redeclaring math symbol \hbar on input line 98.
LaTeX Font Info:    Overwriting math alphabet `\mathfrak' in version `bold'
(Font)                  U/euf/m/n --> U/euf/b/n on input line 106.
))
(/usr/local/texlive/2024/texmf-dist/tex/latex/graphics/graphicx.sty
Package: graphicx 2021/09/16 v1.2d Enhanced LaTeX Graphics (DPC,SPQR)

(/usr/local/texlive/2024/texmf-dist/tex/latex/graphics/graphics.sty
Package: graphics 2022/03/10 v1.4e Standard LaTeX Graphics (DPC,SPQR)

(/usr/local/texlive/2024/texmf-dist/tex/latex/graphics/trig.sty
Package: trig 2021/08/11 v1.11 sin cos tan (DPC)
)
(/usr/local/texlive/2024/texmf-dist/tex/latex/graphics-cfg/graphics.cfg
File: graphics.cfg 2016/06/04 v1.11 sample graphics configuration
)
Package graphics Info: Driver file: pdftex.def on input line 107.

(/usr/local/texlive/2024/texmf-dist/tex/latex/graphics-def/pdftex.def
File: pdftex.def 2022/09/22 v1.2b Graphics/color driver for pdftex
))
\Gin@req@height=\dimen158
\Gin@req@width=\dimen159
)
(/usr/local/texlive/2024/texmf-dist/tex/latex/booktabs/booktabs.sty
Package: booktabs 2020/01/12 v1.61803398 Publication quality tables
\heavyrulewidth=\dimen160
\lightrulewidth=\dimen161
\cmidrulewidth=\dimen162
\belowrulesep=\dimen163
\belowbottomsep=\dimen164
\aboverulesep=\dimen165
\abovetopsep=\dimen166
\cmidrulesep=\dimen167
\cmidrulekern=\dimen168
\defaultaddspace=\dimen169
\@cmidla=\count277
\@cmidlb=\count278
\@aboverulesep=\dimen170
\@belowrulesep=\dimen171
\@thisruleclass=\count279
\@lastruleclass=\count280
\@thisrulewidth=\dimen172
)
(/usr/local/texlive/2024/texmf-dist/tex/latex/tools/array.sty
Package: array 2023/10/16 v2.5g Tabular extension package (FMi)
\col@sep=\dimen173
\ar@mcellbox=\box53
\extrarowheight=\dimen174
\NC@list=\toks24
\extratabsurround=\skip53
\backup@length=\skip54
\ar@cellbox=\box54
)
(/usr/local/texlive/2024/texmf-dist/tex/latex/url/url.sty
\Urlmuskip=\muskip17
Package: url 2013/09/16  ver 3.4  Verb mode for urls, etc.
)
(/usr/local/texlive/2024/texmf-dist/tex/latex/hyperref/hyperref.sty
Package: hyperref 2024-01-20 v7.01h Hypertext links for LaTeX

(/usr/local/texlive/2024/texmf-dist/tex/latex/kvsetkeys/kvsetkeys.sty
Package: kvsetkeys 2022-10-05 v1.19 Key value parser (HO)
)
(/usr/local/texlive/2024/texmf-dist/tex/generic/kvdefinekeys/kvdefinekeys.sty
Package: kvdefinekeys 2019-12-19 v1.6 Define keys (HO)
)
(/usr/local/texlive/2024/texmf-dist/tex/generic/pdfescape/pdfescape.sty
Package: pdfescape 2019/12/09 v1.15 Implements pdfTeX's escape features (HO)

(/usr/local/texlive/2024/texmf-dist/tex/generic/ltxcmds/ltxcmds.sty
Package: ltxcmds 2023-12-04 v1.26 LaTeX kernel commands for general use (HO)
)
(/usr/local/texlive/2024/texmf-dist/tex/generic/pdftexcmds/pdftexcmds.sty
Package: pdftexcmds 2020-06-27 v0.33 Utility functions of pdfTeX for LuaTeX (HO
)

(/usr/local/texlive/2024/texmf-dist/tex/generic/infwarerr/infwarerr.sty
Package: infwarerr 2019/12/03 v1.5 Providing info/warning/error messages (HO)
)
Package pdftexcmds Info: \pdf@primitive is available.
Package pdftexcmds Info: \pdf@ifprimitive is available.
Package pdftexcmds Info: \pdfdraftmode found.
))
(/usr/local/texlive/2024/texmf-dist/tex/latex/hycolor/hycolor.sty
Package: hycolor 2020-01-27 v1.10 Color options for hyperref/bookmark (HO)
)
(/usr/local/texlive/2024/texmf-dist/tex/latex/auxhook/auxhook.sty
Package: auxhook 2019-12-17 v1.6 Hooks for auxiliary files (HO)
)
(/usr/local/texlive/2024/texmf-dist/tex/latex/hyperref/nameref.sty
Package: nameref 2023-11-26 v2.56 Cross-referencing by name of section

(/usr/local/texlive/2024/texmf-dist/tex/latex/refcount/refcount.sty
Package: refcount 2019/12/15 v3.6 Data extraction from label references (HO)
)
(/usr/local/texlive/2024/texmf-dist/tex/generic/gettitlestring/gettitlestring.s
ty
Package: gettitlestring 2019/12/15 v1.6 Cleanup title references (HO)
 (/usr/local/texlive/2024/texmf-dist/tex/latex/kvoptions/kvoptions.sty
Package: kvoptions 2022-06-15 v3.15 Key value format for package options (HO)
))
\c@section@level=\count281
)
(/usr/local/texlive/2024/texmf-dist/tex/latex/etoolbox/etoolbox.sty
Package: etoolbox 2020/10/05 v2.5k e-TeX tools for LaTeX (JAW)
\etb@tempcnta=\count282
)
\@linkdim=\dimen175
\Hy@linkcounter=\count283
\Hy@pagecounter=\count284

(/usr/local/texlive/2024/texmf-dist/tex/latex/hyperref/pd1enc.def
File: pd1enc.def 2024-01-20 v7.01h Hyperref: PDFDocEncoding definition (HO)
Now handling font encoding PD1 ...
... no UTF-8 mapping file for font encoding PD1
)
(/usr/local/texlive/2024/texmf-dist/tex/generic/intcalc/intcalc.sty
Package: intcalc 2019/12/15 v1.3 Expandable calculations with integers (HO)
)
\Hy@SavedSpaceFactor=\count285

(/usr/local/texlive/2024/texmf-dist/tex/latex/hyperref/puenc.def
File: puenc.def 2024-01-20 v7.01h Hyperref: PDF Unicode definition (HO)
Now handling font encoding PU ...
... no UTF-8 mapping file for font encoding PU
)
Package hyperref Info: Option `colorlinks' set `true' on input line 4062.
Package hyperref Info: Hyper figures OFF on input line 4179.
Package hyperref Info: Link nesting OFF on input line 4184.
Package hyperref Info: Hyper index ON on input line 4187.
Package hyperref Info: Plain pages OFF on input line 4194.
Package hyperref Info: Backreferencing OFF on input line 4199.
Package hyperref Info: Implicit mode ON; LaTeX internals redefined.
Package hyperref Info: Bookmarks ON on input line 4446.
\c@Hy@tempcnt=\count286
LaTeX Info: Redefining \url on input line 4784.
\XeTeXLinkMargin=\dimen176

(/usr/local/texlive/2024/texmf-dist/tex/generic/bitset/bitset.sty
Package: bitset 2019/12/09 v1.3 Handle bit-vector datatype (HO)

(/usr/local/texlive/2024/texmf-dist/tex/generic/bigintcalc/bigintcalc.sty
Package: bigintcalc 2019/12/15 v1.5 Expandable calculations on big integers (HO
)
))
\Fld@menulength=\count287
\Field@Width=\dimen177
\Fld@charsize=\dimen178
Package hyperref Info: Hyper figures OFF on input line 6063.
Package hyperref Info: Link nesting OFF on input line 6068.
Package hyperref Info: Hyper index ON on input line 6071.
Package hyperref Info: backreferencing OFF on input line 6078.
Package hyperref Info: Link coloring ON on input line 6081.
Package hyperref Info: Link coloring with OCG OFF on input line 6088.
Package hyperref Info: PDF/A mode OFF on input line 6093.

(/usr/local/texlive/2024/texmf-dist/tex/latex/base/atbegshi-ltx.sty
Package: atbegshi-ltx 2021/01/10 v1.0c Emulation of the original atbegshi
package with kernel methods
)
\Hy@abspage=\count288
\c@Item=\count289
\c@Hfootnote=\count290
)
Package hyperref Info: Driver (autodetected): hpdftex.

(/usr/local/texlive/2024/texmf-dist/tex/latex/hyperref/hpdftex.def
File: hpdftex.def 2024-01-20 v7.01h Hyperref driver for pdfTeX

(/usr/local/texlive/2024/texmf-dist/tex/latex/base/atveryend-ltx.sty
Package: atveryend-ltx 2020/08/19 v1.0a Emulation of the original atveryend pac
kage
with kernel methods
)
\Fld@listcount=\count291
\c@bookmark@seq@number=\count292

(/usr/local/texlive/2024/texmf-dist/tex/latex/rerunfilecheck/rerunfilecheck.sty
Package: rerunfilecheck 2022-07-10 v1.10 Rerun checks for auxiliary files (HO)

(/usr/local/texlive/2024/texmf-dist/tex/generic/uniquecounter/uniquecounter.sty
Package: uniquecounter 2019/12/15 v1.4 Provide unlimited unique counter (HO)
)
Package uniquecounter Info: New unique counter `rerunfilecheck' on input line 2
85.
)
\Hy@SectionHShift=\skip55
) (/usr/local/texlive/2024/texmf-dist/tex/latex/placeins/placeins.sty
Package: placeins 2005/04/18  v 2.2
)
(/usr/local/texlive/2024/texmf-dist/tex/latex/l3backend/l3backend-pdftex.def
File: l3backend-pdftex.def 2024-02-20 L3 backend support: PDF output (pdfTeX)
\l__color_backend_stack_int=\count293
\l__pdf_internal_box=\box55
)
(./final_report.aux)
\openout1 = `final_report.aux'.

LaTeX Font Info:    Checking defaults for OML/cmm/m/it on input line 36.
LaTeX Font Info:    ... okay on input line 36.
LaTeX Font Info:    Checking defaults for OMS/cmsy/m/n on input line 36.
LaTeX Font Info:    ... okay on input line 36.
LaTeX Font Info:    Checking defaults for OT1/cmr/m/n on input line 36.
LaTeX Font Info:    ... okay on input line 36.
LaTeX Font Info:    Checking defaults for T1/cmr/m/n on input line 36.
LaTeX Font Info:    ... okay on input line 36.
LaTeX Font Info:    Checking defaults for TS1/cmr/m/n on input line 36.
LaTeX Font Info:    ... okay on input line 36.
LaTeX Font Info:    Checking defaults for OMX/cmex/m/n on input line 36.
LaTeX Font Info:    ... okay on input line 36.
LaTeX Font Info:    Checking defaults for U/cmr/m/n on input line 36.
LaTeX Font Info:    ... okay on input line 36.
LaTeX Font Info:    Checking defaults for PD1/pdf/m/n on input line 36.
LaTeX Font Info:    ... okay on input line 36.
LaTeX Font Info:    Checking defaults for PU/pdf/m/n on input line 36.
LaTeX Font Info:    ... okay on input line 36.

*geometry* driver: auto-detecting
*geometry* detected driver: pdftex
*geometry* verbose mode - [ preamble ] result:
* driver: pdftex
* paper: letterpaper
* layout: <same size as paper>
* layoutoffset:(h,v)=(0.0pt,0.0pt)
* modes: 
* h-part:(L,W,R)=(50.58878pt, 513.11745pt, 50.58878pt)
* v-part:(T,H,B)=(50.58878pt, 693.79243pt, 50.58878pt)
* \paperwidth=614.295pt
* \paperheight=794.96999pt
* \textwidth=513.11745pt
* \textheight=693.79243pt
* \oddsidemargin=-21.68121pt
* \evensidemargin=-21.68121pt
* \topmargin=-58.68121pt
* \headheight=12.0pt
* \headsep=25.0pt
* \topskip=10.0pt
* \footskip=30.0pt
* \marginparwidth=4.0pt
* \marginparsep=10.0pt
* \columnsep=15.89948pt
* \skip\footins=9.0pt plus 4.0pt minus 2.0pt
* \hoffset=0.0pt
* \voffset=0.0pt
* \mag=1000
* \@twocolumntrue
* \@twosidefalse
* \@mparswitchfalse
* \@reversemarginfalse
* (1in=72.27pt=25.4mm, 1cm=28.453pt)

(/usr/local/texlive/2024/texmf-dist/tex/context/base/mkii/supp-pdf.mkii
[Loading MPS to PDF converter (version 2006.09.02).]
\scratchcounter=\count294
\scratchdimen=\dimen179
\scratchbox=\box56
\nofMPsegments=\count295
\nofMParguments=\count296
\everyMPshowfont=\toks25
\MPscratchCnt=\count297
\MPscratchDim=\dimen180
\MPnumerator=\count298
\makeMPintoPDFobject=\count299
\everyMPtoPDFconversion=\toks26
) (/usr/local/texlive/2024/texmf-dist/tex/latex/epstopdf-pkg/epstopdf-base.sty
Package: epstopdf-base 2020-01-24 v2.11 Base part for package epstopdf
Package epstopdf-base Info: Redefining graphics rule for `.eps' on input line 4
85.

(/usr/local/texlive/2024/texmf-dist/tex/latex/latexconfig/epstopdf-sys.cfg
File: epstopdf-sys.cfg 2010/07/13 v1.3 Configuration of (r)epstopdf for TeX Liv
e
))
(/usr/local/texlive/2024/texmf-dist/tex/latex/graphics/color.sty
Package: color 2022/01/06 v1.3d Standard LaTeX Color (DPC)

(/usr/local/texlive/2024/texmf-dist/tex/latex/graphics-cfg/color.cfg
File: color.cfg 2016/01/02 v1.6 sample color configuration
)
Package color Info: Driver file: pdftex.def on input line 149.

(/usr/local/texlive/2024/texmf-dist/tex/latex/graphics/mathcolor.ltx))
Package hyperref Info: Link coloring ON on input line 36.

(./final_report.out) (./final_report.out)
\@outlinefile=\write3
\openout3 = `final_report.out'.

LaTeX Font Info:    Trying to load font information for U+msa on input line 47.


(/usr/local/texlive/2024/texmf-dist/tex/latex/amsfonts/umsa.fd
File: umsa.fd 2013/01/14 v3.01 AMS symbols A
)
LaTeX Font Info:    Trying to load font information for U+msb on input line 47.


(/usr/local/texlive/2024/texmf-dist/tex/latex/amsfonts/umsb.fd
File: umsb.fd 2013/01/14 v3.01 AMS symbols B
)
Underfull \hbox (badness 1163) in paragraph at lines 56--57
[]|\OT1/cmr/m/n/10 white-acceleration process-noise spec-tral
 []

<../pipeline_diagram.png, id=176, 1276.12143pt x 486.15472pt>
File: ../pipeline_diagram.png Graphic file (type png)
<use ../pipeline_diagram.png>
Package pdftex.def Info: ../pipeline_diagram.png  used on input line 81.
(pdftex.def)             Requested size: 248.60898pt x 94.70706pt.
[1{/usr/local/texlive/2024/texmf-var/fonts/map/pdftex/updmap/pdftex.map}


]
<../phase01_slide_visual.png, id=204, 867.24pt x 578.16pt>
File: ../phase01_slide_visual.png Graphic file (type png)
<use ../phase01_slide_visual.png>
Package pdftex.def Info: ../phase01_slide_visual.png  used on input line 111.
(pdftex.def)             Requested size: 248.60898pt x 165.7389pt.

[2 <../pipeline_diagram.png> <../phase01_slide_visual.png>] [3]
<../bearing_concept_visual.png, id=238, 685.17519pt x 425.55911pt>
File: ../bearing_concept_visual.png Graphic file (type png)
<use ../bearing_concept_visual.png>
Package pdftex.def Info: ../bearing_concept_visual.png  used on input line 254.

(pdftex.def)             Requested size: 248.60898pt x 154.40895pt.
 [4 <../bearing_concept_visual.png>]
<../onboard/figures/observability.png, id=260, 927.0635pt x 334.4495pt>
File: ../onboard/figures/observability.png Graphic file (type png)
<use ../onboard/figures/observability.png>
Package pdftex.def Info: ../onboard/figures/observability.png  used on input li
ne 294.
(pdftex.def)             Requested size: 482.33165pt x 174.01169pt.

Underfull \hbox (badness 1314) in paragraph at lines 330--332
\OT1/cmr/m/n/10 For the two-dimensional tangent-plane resid-ual, NIS
 []

<../../results/diagnostics/06_ekf/estimate_tracking_baseline/plots/pos_3sigma.p
ng, id=261, 758.835pt x 448.074pt>
File: ../../results/diagnostics/06_ekf/estimate_tracking_baseline/plots/pos_3si
gma.png Graphic file (type png)
<use ../../results/diagnostics/06_ekf/estimate_tracking_baseline/plots/pos_3sig
ma.png>
Package pdftex.def Info: ../../results/diagnostics/06_ekf/estimate_tracking_bas
eline/plots/pos_3sigma.png  used on input line 342.
(pdftex.def)             Requested size: 461.80257pt x 272.68889pt.

Underfull \hbox (badness 3547) in paragraph at lines 367--369
\OT1/cmr/m/n/10 using a least-squares fall-back if the block is ill-
 []

<../onboard/figures/coupling.png, id=264, 931.8815pt x 336.0555pt>
File: ../onboard/figures/coupling.png Graphic file (type png)
<use ../onboard/figures/coupling.png>
Package pdftex.def Info: ../onboard/figures/coupling.png  used on input line 37
4.
(pdftex.def)             Requested size: 482.33165pt x 173.93454pt.
[5]
<../../results/active_tracking/07_active_tracking_fixed_vs_active_comparison.pn
g, id=278, 1011.78pt x 650.43pt>
File: ../../results/active_tracking/07_active_tracking_fixed_vs_active_comparis
on.png Graphic file (type png)
<use ../../results/active_tracking/07_active_tracking_fixed_vs_active_compariso
n.png>
Package pdftex.def Info: ../../results/active_tracking/07_active_tracking_fixed
_vs_active_comparison.png  used on input line 419.
(pdftex.def)             Requested size: 472.06711pt x 303.47899pt.

Underfull \hbox (badness 1596) in paragraph at lines 455--456
[]\OT1/cmr/m/n/10 Negative rel-a-tive $^^A\OML/cmm/m/it/10 V$ \OT1/cmr/m/n/10 i
n-fla-tion in-di-cates that the
 []

[6 <../onboard/figures/observability.png>]
<figures/baseline_guidance_summary.png, id=289, 524.6802pt x 368.0952pt>
File: figures/baseline_guidance_summary.png Graphic file (type png)
<use figures/baseline_guidance_summary.png>
Package pdftex.def Info: figures/baseline_guidance_summary.png  used on input l
ine 461.
(pdftex.def)             Requested size: 482.33165pt x 338.39893pt.
 [7 <../../results/diagnostics/06_ekf/estimate_tracking_baseline/plots/pos_3sig
ma.png>] [8 <../onboard/figures/coupling.png> <../../results/active_tracking/07
_active_tracking_fixed_vs_active_comparison.png>] [9 <./figures/baseline_guidan
ce_summary.png>]
<../../results/mc/fine_tune/06e_sweep_summary.png, id=311, 1011.78pt x 650.43pt
>
File: ../../results/mc/fine_tune/06e_sweep_summary.png Graphic file (type png)
<use ../../results/mc/fine_tune/06e_sweep_summary.png>
Package pdftex.def Info: ../../results/mc/fine_tune/06e_sweep_summary.png  used
 on input line 499.
(pdftex.def)             Requested size: 248.60898pt x 159.81824pt.
<../../results/mc/sensitivity_n80_proper/13a_miss_vs_sigma.png, id=313, 505.89p
t x 505.89pt>
File: ../../results/mc/sensitivity_n80_proper/13a_miss_vs_sigma.png Graphic fil
e (type png)
<use ../../results/mc/sensitivity_n80_proper/13a_miss_vs_sigma.png>
Package pdftex.def Info: ../../results/mc/sensitivity_n80_proper/13a_miss_vs_si
gma.png  used on input line 509.
(pdftex.def)             Requested size: 248.60898pt x 248.61386pt.
<../../results/mc/sensitivity_n80_proper/13b_miss_vs_tc.png, id=314, 505.89pt x
 505.89pt>
File: ../../results/mc/sensitivity_n80_proper/13b_miss_vs_tc.png Graphic file (
type png)
<use ../../results/mc/sensitivity_n80_proper/13b_miss_vs_tc.png>
Package pdftex.def Info: ../../results/mc/sensitivity_n80_proper/13b_miss_vs_tc
.png  used on input line 516.
(pdftex.def)             Requested size: 248.60898pt x 248.61386pt.
 [10

 <../../results/mc/fine_tune/06e_sweep_summary.png>]
<../../results/mc/phase_e_tolerance_sweep/06i_tolerance_sweep.png, id=323, 722.
7pt x 397.485pt>
File: ../../results/mc/phase_e_tolerance_sweep/06i_tolerance_sweep.png Graphic 
file (type png)
<use ../../results/mc/phase_e_tolerance_sweep/06i_tolerance_sweep.png>
Package pdftex.def Info: ../../results/mc/phase_e_tolerance_sweep/06i_tolerance
_sweep.png  used on input line 531.
(pdftex.def)             Requested size: 248.60898pt x 136.73216pt.
<../../results/mc/phase_e_attitude_noise/06q_attitude_noise_sweep.png, id=326, 
939.51pt x 375.804pt>
File: ../../results/mc/phase_e_attitude_noise/06q_attitude_noise_sweep.png Grap
hic file (type png)
<use ../../results/mc/phase_e_attitude_noise/06q_attitude_noise_sweep.png>
Package pdftex.def Info: ../../results/mc/phase_e_attitude_noise/06q_attitude_n
oise_sweep.png  used on input line 564.
(pdftex.def)             Requested size: 248.60898pt x 99.44423pt.

Underfull \hbox (badness 1629) in paragraph at lines 571--572
\OT1/cmr/m/n/10 A bearing-only fil-ter can-not ob-serve range di-rectly.
 []

[11 <../../results/mc/sensitivity_n80_proper/13a_miss_vs_sigma.png> <../../resu
lts/mc/sensitivity_n80_proper/13b_miss_vs_tc.png>]
<../../results/mc/phase_e_parallax/06m_parallax_vs_range.png, id=340, 1156.32pt
 x 361.35pt>
File: ../../results/mc/phase_e_parallax/06m_parallax_vs_range.png Graphic file 
(type png)
<use ../../results/mc/phase_e_parallax/06m_parallax_vs_range.png>
Package pdftex.def Info: ../../results/mc/phase_e_parallax/06m_parallax_vs_rang
e.png  used on input line 575.
(pdftex.def)             Requested size: 482.33165pt x 150.72386pt.

Underfull \hbox (badness 1173) in paragraph at lines 582--583
\OT1/cmr/m/n/10 ing, cat-a-log as-so-ci-a-tion, false-match re-jec-tion) is its

 []


Underfull \hbox (badness 4995) in paragraph at lines 586--587
[]\OT1/cmr/m/it/10 Catalog-backed land-mark bear-ings. \OT1/cmr/m/n/10 Real se-
leno-
 []


Underfull \hbox (badness 10000) in paragraph at lines 586--587
\OT1/cmr/m/n/10 graphic lat-i-tude/longitude co-or-di-nates for six
 []


Underfull \hbox (badness 1478) in paragraph at lines 586--587
\OT1/cmr/m/n/10 well-known near-side craters (Ty-cho, Coper-ni-cus,
 []

[12 <../../results/mc/phase_e_tolerance_sweep/06i_tolerance_sweep.png> <../../r
esults/mc/phase_e_attitude_noise/06q_attitude_noise_sweep.png>]
<../../results/mc/phase_e_landmarks/06n_landmarks.png, id=358, 1084.05pt x 361.
35pt>
File: ../../results/mc/phase_e_landmarks/06n_landmarks.png Graphic file (type p
ng)
<use ../../results/mc/phase_e_landmarks/06n_landmarks.png>
Package pdftex.def Info: ../../results/mc/phase_e_landmarks/06n_landmarks.png  
used on input line 628.
(pdftex.def)             Requested size: 248.60898pt x 82.86613pt.

Underfull \hbox (badness 10000) in paragraph at lines 633--633
[]\OT1/cmr/bx/n/12 Filter-Covariance Ge-om-e-try at
 []

<../../results/mc/phase_e_covariance/06j_covariance_ellipses_seed7.png, id=361,
 1084.05pt x 650.43pt>
File: ../../results/mc/phase_e_covariance/06j_covariance_ellipses_seed7.png Gra
phic file (type png)
<use ../../results/mc/phase_e_covariance/06j_covariance_ellipses_seed7.png>
Package pdftex.def Info: ../../results/mc/phase_e_covariance/06j_covariance_ell
ipses_seed7.png  used on input line 639.
(pdftex.def)             Requested size: 482.33165pt x 289.39577pt.
[13 <../../results/mc/phase_e_parallax/06m_parallax_vs_range.png> <../../result
s/mc/phase_e_landmarks/06n_landmarks.png>]
<../../results/mc/phase_e_multi_rev/06l_multi_revolution.png, id=372, 939.51pt 
x 650.43pt>
File: ../../results/mc/phase_e_multi_rev/06l_multi_revolution.png Graphic file 
(type png)
<use ../../results/mc/phase_e_multi_rev/06l_multi_revolution.png>
Package pdftex.def Info: ../../results/mc/phase_e_multi_rev/06l_multi_revolutio
n.png  used on input line 673.
(pdftex.def)             Requested size: 248.60898pt x 172.115pt.
 [14 <../../results/mc/phase_e_covariance/06j_covariance_ellipses_seed7.png>]
Underfull \hbox (badness 1286) in paragraph at lines 708--709
\OT1/cmr/m/n/10 1.94 and all 1000 trial-mean NIS val-ues fell in-side
 []


Underfull \hbox (badness 3417) in paragraph at lines 710--710
[]\OT1/cmr/bx/n/12 SPICE Point-Mass Truth Stress
 []

<figures/model_fidelity_summary.png, id=383, 513.8397pt x 361.35pt>
File: figures/model_fidelity_summary.png Graphic file (type png)
<use figures/model_fidelity_summary.png>
Package pdftex.def Info: figures/model_fidelity_summary.png  used on input line
 715.
(pdftex.def)             Requested size: 482.33165pt x 339.20589pt.
[15 <../../results/mc/phase_e_multi_rev/06l_multi_revolution.png>] [16 <./figur
es/model_fidelity_summary.png>]
Underfull \hbox (badness 1400) in paragraph at lines 765--765
[]|\OT1/cmr/m/n/7 Yes: fixed ver-sus ac-tive com-
 []


Underfull \hbox (badness 10000) in paragraph at lines 766--766
[]|\OT1/cmr/m/n/7 Yes: $\OT1/cmr/bx/n/7 P[]$\OT1/cmr/m/n/7 -scale sweep over
 []


Underfull \hbox (badness 2158) in paragraph at lines 767--767
[]|$\OT1/cmr/m/n/7 10[] [] \OMS/cmsy/m/n/7 ^^Y \OT1/cmr/m/n/7 390$ km suc-cess
 []


Underfull \hbox (badness 10000) in paragraph at lines 767--767
[]|\OT1/cmr/m/n/7 Yes: success-rate-versus-
 []


Underfull \hbox (badness 6641) in paragraph at lines 767--767
\OT1/cmr/m/n/7 tolerance sweep down to 1
 []


Underfull \hbox (badness 1466) in paragraph at lines 768--768
[]|\OT1/cmr/m/n/7 Yes: measurement-delay sweep
 []


Underfull \hbox (badness 7667) in paragraph at lines 768--768
\OT1/cmr/m/n/7 with ge-o-met-ri-cally con-sis-tent
 []


Underfull \hbox (badness 1852) in paragraph at lines 769--769
\OT1/cmr/m/n/7 point-mass com-par-i-son; multi-
 []


Underfull \hbox (badness 10000) in paragraph at lines 769--770
[]|\OT1/cmr/m/n/7 Retuned high-fidelity fil-ter and full
 []


Underfull \hbox (badness 4556) in paragraph at lines 771--771
[]|\OT1/cmr/m/n/7 L1 synthetic-bearing and L2
 []


Underfull \hbox (badness 3838) in paragraph at lines 771--771
\OT1/cmr/m/n/7 catalog-backed cases (iden-tity
 []


Underfull \hbox (badness 1859) in paragraph at lines 771--772
\OT1/cmr/m/n/7 track-ing, cat-a-log as-so-ci-a-tion, false-match
 []


Underfull \hbox (badness 1077) in paragraph at lines 785--786
\OT1/cmr/m/n/10 me-dian trial-mean NIS was 1.94, me-dian trial-mean
 []

[17]
Underfull \hbox (badness 1360) in paragraph at lines 789--790
\OT1/cmr/m/n/10 er-ror sources be-yond this minimal-information base-
 []


Underfull \hbox (badness 2790) in paragraph at lines 789--790
\OT1/cmr/m/n/10 only base-line to-gether with reviewer-driven re-al-ism
 []


Underfull \hbox (badness 2073) in paragraph at lines 789--790
\OT1/cmr/m/n/10 sweeps that stress-test point-ing, ter-mi-nal tol-er-ance,
 []


Underfull \hbox (badness 1817) in paragraph at lines 789--790
\OT1/cmr/m/n/10 parallax-based range ob-serv-abil-ity, ini-tial co-vari-ance,
 []


Underfull \hbox (badness 3612) in paragraph at lines 789--790
\OT1/cmr/m/n/10 multi-revolution sta-bil-ity, and a synthetic-landmark
 []


Underfull \hbox (badness 1789) in paragraph at lines 789--790
\OT1/cmr/m/n/10 measurement-geometry vari-ant on top of the ex-ist-
 []


Underfull \hbox (badness 1490) in paragraph at lines 792--793
\OT1/cmr/m/n/10 pointing com-par-i-son, sen-si-tiv-ity stud-ies, and model-
 []


Underfull \hbox (badness 1527) in paragraph at lines 809--810
\OT1/cmr/m/n/10 Space Imag-ing Sys-tems,'' \OT1/cmr/m/it/10 IEEE Ac-cess\OT1/cm
r/m/n/10 , Vol. 9,
 []

[18]
Underfull \hbox (badness 10000) in paragraph at lines 830--831
[]\OT1/cmr/m/n/10 V. Kr-ish-naku-mar, \OT1/cmr/m/it/10 cislunar-optical-nav\OT1
/cmr/m/n/10 , source
 []


Underfull \hbox (badness 5161) in paragraph at lines 830--831
\OT1/cmr/m/n/10 code and nu-mer-i-cal prod-ucts for this study,
 []


Underfull \hbox (badness 10000) in paragraph at lines 830--831
[][]$\OT1/cmtt/m/n/10 https : / / github . com / varshakrishnakumar /
 []

[19

] (./final_report.aux)
 ***********
LaTeX2e <2023-11-01> patch level 1
L3 programming layer <2024-02-20>
 ***********
Package rerunfilecheck Info: File `final_report.out' has not changed.
(rerunfilecheck)             Checksum: 3D83352DDF8F059662C45382B6CE8E40;7113.
 ) 
Here is how much of TeX's memory you used:
 10677 strings out of 474116
 167538 string characters out of 5743682
 1955187 words of memory out of 5000000
 32768 multiletter control sequences out of 15000+600000
 569539 words of font info for 80 fonts, out of 8000000 for 9000
 1141 hyphenation exceptions out of 8191
 75i,13n,79p,1753b,558s stack positions out of 10000i,1000n,20000p,200000b,200000s
</usr/local/texlive/2024/texmf-dist/fonts/type1/public/amsfonts/cm/cmbx10.pfb
></usr/local/texlive/2024/texmf-dist/fonts/type1/public/amsfonts/cm/cmbx12.pfb>
</usr/local/texlive/2024/texmf-dist/fonts/type1/public/amsfonts/cm/cmbx7.pfb></
usr/local/texlive/2024/texmf-dist/fonts/type1/public/amsfonts/cm/cmbx9.pfb></us
r/local/texlive/2024/texmf-dist/fonts/type1/public/amsfonts/cm/cmex10.pfb></usr
/local/texlive/2024/texmf-dist/fonts/type1/public/amsfonts/cm/cmmi10.pfb></usr/
local/texlive/2024/texmf-dist/fonts/type1/public/amsfonts/cm/cmmi5.pfb></usr/lo
cal/texlive/2024/texmf-dist/fonts/type1/public/amsfonts/cm/cmmi6.pfb></usr/loca
l/texlive/2024/texmf-dist/fonts/type1/public/amsfonts/cm/cmmi7.pfb></usr/local/
texlive/2024/texmf-dist/fonts/type1/public/amsfonts/cm/cmmi8.pfb></usr/local/te
xlive/2024/texmf-dist/fonts/type1/public/amsfonts/cm/cmmi9.pfb></usr/local/texl
ive/2024/texmf-dist/fonts/type1/public/amsfonts/cm/cmr10.pfb></usr/local/texliv
e/2024/texmf-dist/fonts/type1/public/amsfonts/cm/cmr12.pfb></usr/local/texlive/
2024/texmf-dist/fonts/type1/public/amsfonts/cm/cmr17.pfb></usr/local/texlive/20
24/texmf-dist/fonts/type1/public/amsfonts/cm/cmr5.pfb></usr/local/texlive/2024/
texmf-dist/fonts/type1/public/amsfonts/cm/cmr6.pfb></usr/local/texlive/2024/tex
mf-dist/fonts/type1/public/amsfonts/cm/cmr7.pfb></usr/local/texlive/2024/texmf-
dist/fonts/type1/public/amsfonts/cm/cmr8.pfb></usr/local/texlive/2024/texmf-dis
t/fonts/type1/public/amsfonts/cm/cmr9.pfb></usr/local/texlive/2024/texmf-dist/f
onts/type1/public/amsfonts/cm/cmsy10.pfb></usr/local/texlive/2024/texmf-dist/fo
nts/type1/public/amsfonts/cm/cmsy5.pfb></usr/local/texlive/2024/texmf-dist/font
s/type1/public/amsfonts/cm/cmsy6.pfb></usr/local/texlive/2024/texmf-dist/fonts/
type1/public/amsfonts/cm/cmsy7.pfb></usr/local/texlive/2024/texmf-dist/fonts/ty
pe1/public/amsfonts/cm/cmsy8.pfb></usr/local/texlive/2024/texmf-dist/fonts/type
1/public/amsfonts/cm/cmti10.pfb></usr/local/texlive/2024/texmf-dist/fonts/type1
/public/amsfonts/cm/cmtt10.pfb></usr/local/texlive/2024/texmf-dist/fonts/type1/
public/amsfonts/symbols/msbm10.pfb>
Output written on final_report.pdf (19 pages, 4077085 bytes).
PDF statistics:
 576 PDF objects out of 1000 (max. 8388607)
 459 compressed objects within 5 object streams
 130 named destinations out of 1000 (max. 500000)
 435 words of extra memory for PDF output out of 10000 (max. 10000000)

