\BOOKMARK [1][-]{section.1}{\376\377\000I\000n\000t\000r\000o\000d\000u\000c\000t\000i\000o\000n}{}% 1
\BOOKMARK [1][-]{section.2}{\376\377\000R\000e\000l\000a\000t\000e\000d\000\040\000W\000o\000r\000k}{}% 2
\BOOKMARK [1][-]{section.3}{\376\377\000M\000i\000s\000s\000i\000o\000n\000\040\000S\000c\000e\000n\000a\000r\000i\000o}{}% 3
\BOOKMARK [1][-]{section.4}{\376\377\000P\000r\000o\000b\000l\000e\000m\000\040\000S\000t\000a\000t\000e\000m\000e\000n\000t}{}% 4
\BOOKMARK [1][-]{section.5}{\376\377\000D\000y\000n\000a\000m\000i\000c\000s\000\040\000a\000n\000d\000\040\000P\000r\000o\000p\000a\000g\000a\000t\000i\000o\000n}{}% 5
\BOOKMARK [2][-]{subsection.5.1}{\376\377\000C\000R\0003\000B\000P\000\040\000M\000o\000d\000e\000l}{section.5}% 6
\BOOKMARK [2][-]{subsection.5.2}{\376\377\000S\000t\000a\000t\000e\000\040\000T\000r\000a\000n\000s\000i\000t\000i\000o\000n\000\040\000M\000a\000t\000r\000i\000x}{section.5}% 7
\BOOKMARK [2][-]{subsection.5.3}{\376\377\000P\000r\000o\000c\000e\000s\000s\000\040\000N\000o\000i\000s\000e}{section.5}% 8
\BOOKMARK [1][-]{section.6}{\376\377\000O\000p\000t\000i\000c\000a\000l\000\040\000M\000e\000a\000s\000u\000r\000e\000m\000e\000n\000t\000\040\000M\000o\000d\000e\000l}{}% 9
\BOOKMARK [2][-]{subsection.6.1}{\376\377\000P\000i\000x\000e\000l\000\040\000t\000o\000\040\000B\000e\000a\000r\000i\000n\000g}{section.6}% 10
\BOOKMARK [2][-]{subsection.6.2}{\376\377\000T\000a\000n\000g\000e\000n\000t\000-\000P\000l\000a\000n\000e\000\040\000R\000e\000s\000i\000d\000u\000a\000l}{section.6}% 11
\BOOKMARK [1][-]{section.7}{\376\377\000B\000e\000a\000r\000i\000n\000g\000-\000O\000n\000l\000y\000\040\000O\000b\000s\000e\000r\000v\000a\000b\000i\000l\000i\000t\000y}{}% 12
\BOOKMARK [2][-]{subsection.7.1}{\376\377\000I\000n\000s\000t\000a\000n\000t\000a\000n\000e\000o\000u\000s\000\040\000R\000a\000n\000k}{section.7}% 13
\BOOKMARK [2][-]{subsection.7.2}{\376\377\000G\000e\000o\000m\000e\000t\000r\000y\000\040\000L\000o\000s\000s\000\040\000C\000a\000s\000e\000s}{section.7}% 14
\BOOKMARK [1][-]{section.8}{\376\377\000E\000s\000t\000i\000m\000a\000t\000o\000r}{}% 15
\BOOKMARK [2][-]{subsection.8.1}{\376\377\000I\000t\000e\000r\000a\000t\000e\000d\000\040\000E\000K\000F}{section.8}% 16
\BOOKMARK [2][-]{subsection.8.2}{\376\377\000S\000t\000a\000t\000i\000s\000t\000i\000c\000a\000l\000\040\000H\000e\000a\000l\000t\000h\000\040\000M\000e\000t\000r\000i\000c\000s}{section.8}% 17
\BOOKMARK [1][-]{section.9}{\376\377\000G\000u\000i\000d\000a\000n\000c\000e\000\040\000C\000o\000u\000p\000l\000i\000n\000g}{}% 18
\BOOKMARK [1][-]{section.10}{\376\377\000A\000c\000t\000i\000v\000e\000\040\000C\000a\000m\000e\000r\000a\000\040\000P\000o\000i\000n\000t\000i\000n\000g}{}% 19
\BOOKMARK [2][-]{subsection.10.1}{\376\377\000P\000o\000l\000i\000c\000y}{section.10}% 20
\BOOKMARK [2][-]{subsection.10.2}{\376\377\000E\000f\000f\000e\000c\000t\000\040\000o\000n\000\040\000O\000b\000s\000e\000r\000v\000a\000b\000i\000l\000i\000t\000y}{section.10}% 21
\BOOKMARK [1][-]{section.11}{\376\377\000M\000o\000n\000t\000e\000\040\000C\000a\000r\000l\000o\000\040\000R\000e\000s\000u\000l\000t\000s}{}% 22
\BOOKMARK [2][-]{subsection.11.1}{\376\377\000B\000a\000s\000e\000l\000i\000n\000e\000\040\000S\000t\000u\000d\000y}{section.11}% 23
\BOOKMARK [2][-]{subsection.11.2}{\376\377\000H\000i\000g\000h\000-\000N\000o\000i\000s\000e\000\040\000S\000t\000r\000e\000s\000s\000\040\000C\000a\000s\000e}{section.11}% 24
\BOOKMARK [2][-]{subsection.11.3}{\376\377\000P\000r\000o\000c\000e\000s\000s\000-\000N\000o\000i\000s\000e\000\040\000T\000u\000n\000i\000n\000g}{section.11}% 25
\BOOKMARK [1][-]{section.12}{\376\377\000S\000e\000n\000s\000i\000t\000i\000v\000i\000t\000y\000\040\000S\000t\000u\000d\000i\000e\000s}{}% 26
\BOOKMARK [1][-]{section.13}{\376\377\000R\000e\000a\000l\000i\000s\000m\000\040\000a\000n\000d\000\040\000S\000e\000n\000s\000i\000t\000i\000v\000i\000t\000y\000\040\000E\000x\000t\000e\000n\000s\000i\000o\000n\000s}{}% 27
\BOOKMARK [2][-]{subsection.13.1}{\376\377\000T\000e\000r\000m\000i\000n\000a\000l\000-\000T\000o\000l\000e\000r\000a\000n\000c\000e\000\040\000R\000e\000a\000l\000i\000t\000y\000\040\000C\000h\000e\000c\000k}{section.13}% 28
\BOOKMARK [2][-]{subsection.13.2}{\376\377\000A\000t\000t\000i\000t\000u\000d\000e\000\040\000U\000n\000c\000e\000r\000t\000a\000i\000n\000t\000y}{section.13}% 29
\BOOKMARK [2][-]{subsection.13.3}{\376\377\000C\000u\000m\000u\000l\000a\000t\000i\000v\000e\000-\000P\000a\000r\000a\000l\000l\000a\000x\000\040\000R\000a\000n\000g\000e\000\040\000O\000b\000s\000e\000r\000v\000a\000b\000i\000l\000i\000t\000y}{section.13}% 30
\BOOKMARK [2][-]{subsection.13.4}{\376\377\000L\000a\000n\000d\000m\000a\000r\000k\000-\000B\000e\000a\000r\000i\000n\000g\000\040\000E\000x\000t\000e\000n\000s\000i\000o\000n}{section.13}% 31
\BOOKMARK [2][-]{subsection.13.5}{\376\377\000F\000i\000l\000t\000e\000r\000-\000C\000o\000v\000a\000r\000i\000a\000n\000c\000e\000\040\000G\000e\000o\000m\000e\000t\000r\000y\000\040\000a\000t\000\040\000B\000u\000r\000n}{section.13}% 32
\BOOKMARK [2][-]{subsection.13.6}{\376\377\000I\000n\000i\000t\000i\000a\000l\000-\000C\000o\000v\000a\000r\000i\000a\000n\000c\000e\000\040\000R\000o\000b\000u\000s\000t\000n\000e\000s\000s}{section.13}% 33
\BOOKMARK [2][-]{subsection.13.7}{\376\377\000M\000u\000l\000t\000i\000-\000R\000e\000v\000o\000l\000u\000t\000i\000o\000n\000\040\000S\000t\000a\000b\000i\000l\000i\000t\000y}{section.13}% 34
\BOOKMARK [2][-]{subsection.13.8}{\376\377\000M\000e\000a\000s\000u\000r\000e\000m\000e\000n\000t\000-\000D\000e\000l\000a\000y\000\040\000S\000e\000n\000s\000i\000t\000i\000v\000i\000t\000y}{section.13}% 35
\BOOKMARK [1][-]{section.14}{\376\377\000V\000e\000r\000i\000f\000i\000c\000a\000t\000i\000o\000n\000\040\000a\000n\000d\000\040\000S\000t\000r\000e\000s\000s\000\040\000T\000e\000s\000t\000i\000n\000g}{}% 36
\BOOKMARK [2][-]{subsection.14.1}{\376\377\000N\000u\000m\000e\000r\000i\000c\000a\000l\000\040\000V\000e\000r\000i\000f\000i\000c\000a\000t\000i\000o\000n}{section.14}% 37
\BOOKMARK [2][-]{subsection.14.2}{\376\377\000E\000s\000t\000i\000m\000a\000t\000o\000r\000\040\000C\000o\000n\000s\000i\000s\000t\000e\000n\000c\000y}{section.14}% 38
\BOOKMARK [2][-]{subsection.14.3}{\376\377\000S\000P\000I\000C\000E\000\040\000P\000o\000i\000n\000t\000-\000M\000a\000s\000s\000\040\000T\000r\000u\000t\000h\000\040\000S\000t\000r\000e\000s\000s\000\040\000T\000e\000s\000t}{section.14}% 39
\BOOKMARK [2][-]{subsection.14.4}{\376\377\000F\000a\000u\000l\000t\000\040\000a\000n\000d\000\040\000T\000i\000m\000i\000n\000g\000\040\000S\000e\000n\000s\000i\000t\000i\000v\000i\000t\000y}{section.14}% 40
\BOOKMARK [1][-]{section.15}{\376\377\000D\000i\000s\000c\000u\000s\000s\000i\000o\000n}{}% 41
\BOOKMARK [2][-]{subsection.15.1}{\376\377\000M\000o\000d\000e\000l\000i\000n\000g\000\040\000A\000s\000s\000u\000m\000p\000t\000i\000o\000n\000s\000\040\000a\000n\000d\000\040\000L\000i\000m\000i\000t\000a\000t\000i\000o\000n\000s}{section.15}% 42
\BOOKMARK [1][-]{section.16}{\376\377\000C\000o\000n\000c\000l\000u\000s\000i\000o\000n}{}% 43
